[INFO ] 2020-06-28 11:39:20.065 [main] TestBase - Property file loaded
[INFO ] 2020-06-28 11:39:28.610 [main] TestBase -  chrome browser opened
[INFO ] 2020-06-28 11:39:42.256 [main] TestBase - URL opened
[INFO ] 2020-06-28 11:39:50.269 [main] TestBase - initialization complete
[INFO ] 2020-06-28 11:39:50.290 [main] TestBase - Property file loaded
[INFO ] 2020-06-28 11:39:50.400 [main] TestBase - Login page driver initialized
[INFO ] 2020-06-28 11:39:50.431 [main] TestBase - Title verified
[INFO ] 2020-06-28 11:39:50.447 [main] TestBase - Property file loaded
[INFO ] 2020-06-28 11:39:50.447 [main] TestBase - Login page driver initialized
[INFO ] 2020-06-28 11:39:51.920 [main] TestBase - Property file loaded
[INFO ] 2020-06-28 11:39:51.926 [main] TestBase - username and password entered
[INFO ] 2020-06-28 11:39:51.948 [main] TestBase - Title of homepage verified
[INFO ] 2020-06-28 11:39:51.960 [main] TestBase - Property file loaded
[INFO ] 2020-06-28 11:39:54.435 [main] TestBase - URL opened
[INFO ] 2020-06-28 11:40:02.453 [main] TestBase - initialization complete
[INFO ] 2020-06-28 11:40:02.456 [main] TestBase - Property file loaded
[INFO ] 2020-06-28 11:40:02.456 [main] TestBase - Login page driver initialized
[INFO ] 2020-06-28 11:40:02.534 [main] TestBase - Title verified
[INFO ] 2020-06-28 11:40:02.534 [main] TestBase - Property file loaded
[INFO ] 2020-06-28 11:40:02.534 [main] TestBase - Login page driver initialized
[INFO ] 2020-06-28 11:40:03.992 [main] TestBase - Property file loaded
[INFO ] 2020-06-28 11:40:03.994 [main] TestBase - username and password entered
[INFO ] 2020-06-28 11:40:04.003 [main] TestBase - Property file loaded
[INFO ] 2020-06-28 11:40:04.005 [main] TestBase - Property file loaded
[INFO ] 2020-06-28 11:40:13.330 [main] TestBase - Log out from the application
[INFO ] 2020-06-28 12:10:01.410 [main] TestBase - Property file loaded
[INFO ] 2020-06-28 12:10:01.508 [main] TestBase - Property file loaded
[INFO ] 2020-06-30 11:36:44.920 [main] TestBase - Property file loaded
[INFO ] 2020-06-30 11:36:45.032 [main] TestBase - Property file loaded
[INFO ] 2020-07-19 17:30:14.521 [main] DefaultPageObject - URL opened
[INFO ] 2020-07-19 17:31:05.814 [main] DefaultPageObject - URL opened
[INFO ] 2020-07-19 17:44:14.889 [main] DefaultPageObject - URL opened
[INFO ] 2020-07-19 17:48:56.741 [main] DefaultPageObject - URL opened
[INFO ] 2020-07-19 17:50:59.612 [main] DefaultPageObject - URL opened
[INFO ] 2020-07-19 17:52:51.976 [main] DefaultPageObject - URL opened
[INFO ] 2020-07-19 17:53:32.945 [main] DefaultPageObject - URL opened
[INFO ] 2020-07-19 17:56:01.823 [main] DefaultPageObject - URL opened
[INFO ] 2020-07-19 17:58:44.105 [main] DefaultPageObject - URL opened
[INFO ] 2020-07-19 17:59:50.952 [main] DefaultPageObject - URL opened
[INFO ] 2020-07-19 18:05:29.366 [main] DefaultPageObject - URL opened
[INFO ] 2020-07-19 18:06:23.568 [main] DefaultPageObject - URL opened
[INFO ] 2020-07-19 21:56:01.107 [main] DefaultPageObject - URL opened
[INFO ] 2020-07-19 22:10:59.670 [main] DefaultPageObject - URL opened
[INFO ] 2020-07-19 22:14:05.271 [main] DefaultPageObject - URL opened
[INFO ] 2020-07-26 16:00:56.018 [main] DefaultPageObject - URL opened
[INFO ] 2020-07-26 16:01:10.415 [main] DefaultPageObject - URL opened
[INFO ] 2020-07-26 16:50:28.308 [main] DefaultPageObject - URL opened
[INFO ] 2020-07-26 16:50:39.798 [main] DefaultPageObject - URL opened
[INFO ] 2020-07-26 16:56:42.872 [main] DefaultPageObject - URL opened
[INFO ] 2020-07-26 16:56:53.596 [main] DefaultPageObject - URL opened
[INFO ] 2020-07-26 17:07:44.887 [main] DefaultPageObject - URL opened
[INFO ] 2020-07-26 17:07:56.231 [main] DefaultPageObject - URL opened
[INFO ] 2020-07-26 17:10:32.232 [main] DefaultPageObject - URL opened
[INFO ] 2020-07-26 17:10:37.431 [main] DefaultPageObject - URL opened
[INFO ] 2020-07-26 17:19:44.758 [main] DefaultPageObject - URL opened
[INFO ] 2020-08-02 16:21:23.302 [main] DefaultPageObject - URL opened
[INFO ] 2020-08-02 16:55:02.702 [main] DefaultPageObject - URL opened
[INFO ] 2020-08-02 21:34:20.964 [main] DefaultPageObject - URL opened
[INFO ] 2020-08-02 21:36:44.299 [main] DefaultPageObject - URL opened
[INFO ] 2020-08-02 21:36:57.095 [main] DefaultPageObject - Deals link clicked
[INFO ] 2020-08-02 21:39:50.816 [main] DefaultPageObject - URL opened
[INFO ] 2020-08-02 21:40:15.718 [main] DefaultPageObject - Deals link clicked
[INFO ] 2020-08-02 21:40:21.921 [main] DefaultPageObject - Deals values entered
[INFO ] 2020-08-02 21:44:32.442 [main] DefaultPageObject - URL opened
[INFO ] 2020-08-02 21:49:48.797 [main] DefaultPageObject - URL opened
[INFO ] 2020-08-02 21:50:06.586 [main] DefaultPageObject - Deals link clicked
[INFO ] 2020-08-02 21:50:11.601 [main] DefaultPageObject - Deals values entered
[INFO ] 2020-08-08 17:50:15.594 [main] DefaultPageObject - URL opened
[INFO ] 2020-08-08 17:52:51.495 [main] DefaultPageObject - URL opened
[INFO ] 2020-08-08 17:53:07.544 [main] DefaultPageObject - Deals link clicked
[INFO ] 2020-08-08 17:53:12.259 [main] DefaultPageObject - Deals values entered
[INFO ] 2020-08-08 17:53:28.896 [main] DefaultPageObject - URL opened
[INFO ] 2020-08-08 17:53:40.066 [main] DefaultPageObject - Deals link clicked
[INFO ] 2020-08-08 17:54:14.121 [main] DefaultPageObject - URL opened
[INFO ] 2020-08-08 17:54:25.621 [main] DefaultPageObject - Deals link clicked
[INFO ] 2020-08-08 17:54:58.941 [main] DefaultPageObject - URL opened
[INFO ] 2020-08-08 17:55:10.269 [main] DefaultPageObject - Deals link clicked
[INFO ] 2020-08-08 17:57:04.562 [main] DefaultPageObject - URL opened
[INFO ] 2020-08-08 17:57:18.013 [main] DefaultPageObject - Deals link clicked
[INFO ] 2020-08-08 17:57:23.688 [main] DefaultPageObject - Deals values entered
[INFO ] 2020-08-08 18:34:37.764 [main] DefaultPageObject - URL opened
[INFO ] 2020-08-08 18:34:53.214 [main] DefaultPageObject - Deals link clicked
[INFO ] 2020-08-08 18:35:00.402 [main] DefaultPageObject - Deals values entered
[INFO ] 2020-08-08 18:39:06.665 [main] DefaultPageObject - URL opened
[INFO ] 2020-08-08 18:39:18.730 [main] DefaultPageObject - Deals link clicked
[INFO ] 2020-08-08 18:39:23.221 [main] DefaultPageObject - Deals values entered
[INFO ] 2020-08-08 19:01:33.440 [main] DefaultPageObject - URL opened
[INFO ] 2020-08-08 19:01:48.289 [main] DefaultPageObject - Deals link clicked
[INFO ] 2020-08-08 19:01:53.625 [main] DefaultPageObject - Deals values entered
[INFO ] 2020-08-08 19:13:01.617 [main] DefaultPageObject - URL opened
[INFO ] 2020-08-08 19:13:13.746 [main] DefaultPageObject - Deals link clicked
[INFO ] 2020-08-08 19:13:18.194 [main] DefaultPageObject - Deals values entered
[INFO ] 2020-08-08 19:13:33.362 [main] DefaultPageObject - Deals link clicked
[INFO ] 2020-08-08 20:23:53.618 [main] DefaultPageObject - URL opened
[INFO ] 2020-08-08 20:24:08.253 [main] DefaultPageObject - Deals link clicked
[INFO ] 2020-08-08 20:24:12.896 [main] DefaultPageObject - Deals values entered
[INFO ] 2020-08-08 20:24:28.679 [main] DefaultPageObject - Deals link clicked
[INFO ] 2020-08-08 20:38:02.504 [main] DefaultPageObject - URL opened
[INFO ] 2020-08-08 20:38:13.720 [main] DefaultPageObject - Deals link clicked
[INFO ] 2020-08-08 20:38:17.230 [main] DefaultPageObject - Deals values entered
[INFO ] 2020-08-08 20:38:33.067 [main] DefaultPageObject - Deals link clicked
[INFO ] 2020-08-08 20:40:52.111 [main] DefaultPageObject - URL opened
[INFO ] 2020-08-08 20:41:03.561 [main] DefaultPageObject - Deals link clicked
[INFO ] 2020-08-08 20:41:08.462 [main] DefaultPageObject - Deals values entered
[INFO ] 2020-08-08 20:41:23.256 [main] DefaultPageObject - Deals link clicked
[INFO ] 2020-08-08 22:55:19.338 [main] DefaultPageObject - URL opened
[INFO ] 2020-08-08 22:55:32.722 [main] DefaultPageObject - Deals link clicked
[INFO ] 2020-08-08 22:55:37.964 [main] DefaultPageObject - Deals values entered
[INFO ] 2020-08-08 22:55:52.607 [main] DefaultPageObject - Deals link clicked
[INFO ] 2020-08-08 23:02:09.980 [main] DefaultPageObject - URL opened
[INFO ] 2020-08-08 23:02:27.101 [main] DefaultPageObject - Deals link clicked
[INFO ] 2020-08-08 23:02:31.027 [main] DefaultPageObject - Deals values entered
[INFO ] 2020-08-08 23:02:46.181 [main] DefaultPageObject - Deals link clicked
[INFO ] 2020-08-08 23:11:56.531 [main] DefaultPageObject - URL opened
[INFO ] 2020-08-08 23:12:12.082 [main] DefaultPageObject - Deals link clicked
[INFO ] 2020-08-08 23:12:17.967 [main] DefaultPageObject - Deals values entered
[INFO ] 2020-08-08 23:12:35.991 [main] DefaultPageObject - Deals link clicked
[INFO ] 2020-08-08 23:19:49.781 [main] DefaultPageObject - URL opened
[INFO ] 2020-08-08 23:20:02.871 [main] DefaultPageObject - Deals link clicked
[INFO ] 2020-08-08 23:20:08.108 [main] DefaultPageObject - Deals values entered
[INFO ] 2020-08-08 23:20:24.526 [main] DefaultPageObject - Deals link clicked
[INFO ] 2020-08-08 23:32:57.732 [main] DefaultPageObject - URL opened
[INFO ] 2020-08-08 23:33:10.919 [main] DefaultPageObject - Deals link clicked
[INFO ] 2020-08-08 23:33:15.480 [main] DefaultPageObject - Deals values entered
[INFO ] 2020-08-08 23:33:33.515 [main] DefaultPageObject - Deals link clicked
[INFO ] 2020-08-08 23:36:07.757 [main] DefaultPageObject - URL opened
[INFO ] 2020-08-08 23:36:19.851 [main] DefaultPageObject - Deals link clicked
[INFO ] 2020-08-08 23:36:25.926 [main] DefaultPageObject - Deals values entered
[INFO ] 2020-08-08 23:36:42.098 [main] DefaultPageObject - Deals link clicked
[INFO ] 2020-08-08 23:47:16.053 [main] DefaultPageObject - URL opened
[INFO ] 2020-08-08 23:47:28.354 [main] DefaultPageObject - Deals link clicked
[INFO ] 2020-08-08 23:47:33.570 [main] DefaultPageObject - Deals values entered
[INFO ] 2020-08-08 23:47:47.078 [main] DefaultPageObject - Deals link clicked
[INFO ] 2020-08-08 23:47:50.794 [main] DefaultPageObject - Deals values entered
[INFO ] 2020-08-08 23:59:02.096 [main] DefaultPageObject - URL opened
[INFO ] 2020-08-08 23:59:13.913 [main] DefaultPageObject - Deals link clicked
[INFO ] 2020-08-08 23:59:18.710 [main] DefaultPageObject - Deals values entered
[INFO ] 2020-08-08 23:59:33.960 [main] DefaultPageObject - Deals link clicked
[INFO ] 2020-08-08 23:59:37.789 [main] DefaultPageObject - Deals values entered
[INFO ] 2020-08-09 01:13:34.361 [main] DefaultPageObject - URL opened
[INFO ] 2020-08-09 01:13:51.325 [main] DefaultPageObject - Deals link clicked
[INFO ] 2020-08-09 01:13:56.674 [main] DefaultPageObject - Deals values entered
[INFO ] 2020-08-09 01:14:19.041 [main] DefaultPageObject - Deals link clicked
[INFO ] 2020-08-09 01:14:22.801 [main] DefaultPageObject - Deals values entered
[INFO ] 2020-08-09 13:48:30.290 [main] DefaultPageObject - URL opened
[INFO ] 2020-08-09 13:48:45.344 [main] DefaultPageObject - Deals link clicked
[INFO ] 2020-08-09 13:48:49.864 [main] DefaultPageObject - Deals values entered
[INFO ] 2020-08-09 13:49:06.333 [main] DefaultPageObject - Deals link clicked
[INFO ] 2020-08-09 13:49:09.617 [main] DefaultPageObject - Deals values entered
[INFO ] 2020-08-09 14:49:43.417 [main] DefaultPageObject - Enters the method-open URL
[INFO ] 2020-08-09 14:50:05.537 [main] DefaultPageObject - URL opened
[INFO ] 2020-08-09 14:50:19.797 [main] DefaultPageObject - Deals link clicked
[INFO ] 2020-08-09 14:50:23.309 [main] DefaultPageObject - before new button clicked
[INFO ] 2020-08-09 14:50:24.115 [main] DefaultPageObject -  after new button clicked
[INFO ] 2020-08-09 14:50:28.675 [main] DefaultPageObject - Deals values entered
[INFO ] 2020-08-09 14:50:43.365 [main] DefaultPageObject - Deals link clicked
[INFO ] 2020-08-09 14:50:46.873 [main] DefaultPageObject - before new button clicked
[INFO ] 2020-08-09 14:50:47.541 [main] DefaultPageObject -  after new button clicked
[INFO ] 2020-08-09 14:50:51.241 [main] DefaultPageObject - Deals values entered
[INFO ] 2020-08-09 15:34:20.133 [main] DefaultPageObject - Enters the method-open URL
[INFO ] 2020-08-09 15:34:40.321 [main] DefaultPageObject - URL opened
[INFO ] 2020-08-09 15:34:52.085 [main] DefaultPageObject - Deals link clicked
[INFO ] 2020-08-09 15:34:55.586 [main] DefaultPageObject - before new button clicked
[INFO ] 2020-08-09 15:35:03.422 [main] DefaultPageObject -  after new button clicked
[INFO ] 2020-08-09 15:35:07.138 [main] DefaultPageObject - Deals values entered
[INFO ] 2020-08-09 15:35:22.379 [main] DefaultPageObject - Deals link clicked
[INFO ] 2020-08-09 15:35:25.879 [main] DefaultPageObject - before new button clicked
[INFO ] 2020-08-09 15:35:34.057 [main] DefaultPageObject -  after new button clicked
[INFO ] 2020-08-09 15:35:38.064 [main] DefaultPageObject - Deals values entered
[INFO ] 2020-08-09 15:48:28.419 [main] DefaultPageObject - Enters the method-open URL
[INFO ] 2020-08-09 15:48:45.155 [main] DefaultPageObject - URL opened
[INFO ] 2020-08-09 15:48:55.965 [main] DefaultPageObject - Deals link clicked
[INFO ] 2020-08-09 15:48:59.465 [main] DefaultPageObject - before new button clicked
[INFO ] 2020-08-09 15:49:06.983 [main] DefaultPageObject -  after new button clicked
[INFO ] 2020-08-09 15:49:10.357 [main] DefaultPageObject - Deals values entered
[INFO ] 2020-08-09 15:49:23.573 [main] DefaultPageObject - Deals link clicked
[INFO ] 2020-08-09 15:49:27.074 [main] DefaultPageObject - before new button clicked
[INFO ] 2020-08-09 15:49:34.452 [main] DefaultPageObject -  after new button clicked
[INFO ] 2020-08-09 15:49:37.740 [main] DefaultPageObject - Deals values entered
[INFO ] 2020-08-09 20:50:56.389 [main] DefaultPageObject - Enters the method-open URL
[INFO ] 2020-08-09 20:51:22.613 [main] DefaultPageObject - URL opened
[INFO ] 2020-08-09 21:01:19.737 [main] DefaultPageObject - Enters the method-open URL
[INFO ] 2020-08-09 21:01:45.521 [main] DefaultPageObject - URL opened
[INFO ] 2020-08-09 21:14:24.371 [main] DefaultPageObject - Enters the method-open URL
[INFO ] 2020-08-09 21:14:50.680 [main] DefaultPageObject - URL opened
[INFO ] 2020-08-09 21:18:16.564 [main] DefaultPageObject - Enters the method-open URL
[INFO ] 2020-08-09 21:18:37.513 [main] DefaultPageObject - URL opened
[INFO ] 2020-08-09 21:19:01.331 [main] DefaultPageObject - before new button clicked
[INFO ] 2020-08-09 21:19:08.337 [main] DefaultPageObject -  after new button clicked
[INFO ] 2020-08-09 21:19:11.922 [main] DefaultPageObject - Deals values entered
[INFO ] 2020-08-09 21:20:50.774 [main] DefaultPageObject - Enters the method-open URL
[INFO ] 2020-08-09 21:21:10.746 [main] DefaultPageObject - URL opened
[INFO ] 2020-08-09 21:21:32.758 [main] DefaultPageObject - before new button clicked
[INFO ] 2020-08-09 21:21:39.761 [main] DefaultPageObject -  after new button clicked
[INFO ] 2020-08-09 21:21:43.007 [main] DefaultPageObject - Deals values entered
[INFO ] 2020-08-09 21:37:34.590 [main] DefaultPageObject - Enters the method-open URL
[INFO ] 2020-08-09 21:37:58.980 [main] DefaultPageObject - URL opened
[INFO ] 2020-08-09 21:43:39.517 [main] DefaultPageObject - Enters the method-open URL
[INFO ] 2020-08-09 21:43:57.925 [main] DefaultPageObject - URL opened
[INFO ] 2020-08-09 21:44:26.306 [main] DefaultPageObject - before new button clicked
[INFO ] 2020-08-09 21:44:33.313 [main] DefaultPageObject -  after new button clicked
[INFO ] 2020-08-09 21:44:37.543 [main] DefaultPageObject - Deals values entered
[INFO ] 2020-08-09 21:45:01.302 [main] DefaultPageObject - before new button clicked
[INFO ] 2020-08-09 21:45:08.310 [main] DefaultPageObject -  after new button clicked
[INFO ] 2020-08-09 21:45:12.138 [main] DefaultPageObject - Deals values entered
[INFO ] 2020-08-09 23:11:46.783 [main] DefaultPageObject - Enters the method-open URL
[INFO ] 2020-08-09 23:12:20.838 [main] DefaultPageObject - URL opened
[INFO ] 2020-08-09 23:12:32.589 [main] DefaultPageObject - before deals link click
[INFO ] 2020-08-09 23:12:33.884 [main] DefaultPageObject - after deals link click
[INFO ] 2020-08-09 23:12:46.467 [main] DefaultPageObject - before new button clicked
[INFO ] 2020-08-09 23:19:27.572 [main] DefaultPageObject - Enters the method-open URL
[INFO ] 2020-08-09 23:19:48.168 [main] DefaultPageObject - URL opened
[INFO ] 2020-08-09 23:20:00.835 [main] DefaultPageObject - before deals link click
[INFO ] 2020-08-09 23:20:01.525 [main] DefaultPageObject - after deals link click
[INFO ] 2020-08-09 23:20:14.065 [main] DefaultPageObject - before new button clicked
[INFO ] 2020-08-09 23:25:42.339 [main] DefaultPageObject - Enters the method-open URL
[INFO ] 2020-08-09 23:26:07.022 [main] DefaultPageObject - URL opened
[INFO ] 2020-08-09 23:26:20.314 [main] DefaultPageObject - before deals link click
[INFO ] 2020-08-09 23:26:22.416 [main] DefaultPageObject - after deals link click
[INFO ] 2020-08-09 23:26:34.917 [main] DefaultPageObject - before new button clicked
[INFO ] 2020-08-09 23:26:35.698 [main] DefaultPageObject - after new button clicked
[INFO ] 2020-08-09 23:26:42.700 [main] DefaultPageObject -  after new button clicked
[INFO ] 2020-08-09 23:26:46.673 [main] DefaultPageObject - Deals values entered
[INFO ] 2020-08-09 23:27:03.330 [main] DefaultPageObject - before deals link click
[INFO ] 2020-08-09 23:27:03.697 [main] DefaultPageObject - after deals link click
[INFO ] 2020-08-09 23:27:16.199 [main] DefaultPageObject - before new button clicked
[INFO ] 2020-08-09 23:27:16.824 [main] DefaultPageObject - after new button clicked
[INFO ] 2020-08-09 23:27:23.826 [main] DefaultPageObject -  after new button clicked
[INFO ] 2020-08-09 23:27:27.389 [main] DefaultPageObject - Deals values entered
